<?xml version="1.0" encoding="UTF-8"?>
<coverage generated="1662028161954" clover="3.2.0">
  <project timestamp="1662028161955" name="All files">
    <metrics statements="10" coveredstatements="6" conditionals="0" coveredconditionals="0" methods="2" coveredmethods="2" elements="12" coveredelements="8" complexity="0" loc="10" ncloc="10" packages="1" files="2" classes="2"/>
    <file name="testing.js" path="D:\NodeJS\NodeExamples\testing.js">
      <metrics statements="5" coveredstatements="3" conditionals="0" coveredconditionals="0" methods="1" coveredmethods="1"/>
      <line num="1" count="1" type="stmt"/>
      <line num="2" count="2" type="stmt"/>
      <line num="3" count="0" type="stmt"/>
      <line num="4" count="0" type="stmt"/>
      <line num="6" count="1" type="stmt"/>
    </file>
    <file name="testing2.js" path="D:\NodeJS\NodeExamples\testing2.js">
      <metrics statements="5" coveredstatements="3" conditionals="0" coveredconditionals="0" methods="1" coveredmethods="1"/>
      <line num="1" count="1" type="stmt"/>
      <line num="2" count="1" type="stmt"/>
      <line num="3" count="0" type="stmt"/>
      <line num="4" count="0" type="stmt"/>
      <line num="6" count="1" type="stmt"/>
    </file>
  </project>
</coverage>
