{"D:\\NodeJS\\NodeExamples\\testing.js": {"path":"D:\\NodeJS\\NodeExamples\\testing.js","statementMap":{"0":{"start":{"line":1,"column":8},"end":{"line":5,"column":1}},"1":{"start":{"line":2,"column":4},"end":{"line":2,"column":20}},"2":{"start":{"line":3,"column":4},"end":{"line":3,"column":23}},"3":{"start":{"line":4,"column":4},"end":{"line":4,"column":23}},"4":{"start":{"line":6,"column":0},"end":{"line":6,"column":18}}},"fnMap":{"0":{"name":"(anonymous_0)","decl":{"start":{"line":1,"column":8},"end":{"line":1,"column":9}},"loc":{"start":{"line":1,"column":21},"end":{"line":5,"column":1}},"line":1}},"branchMap":{},"s":{"0":1,"1":2,"2":0,"3":0,"4":1},"f":{"0":2},"b":{},"_coverageSchema":"1a1c01bbd47fc00a2c39e90264f33305004495a9","hash":"0c205e4852dd0793383a7223ec1e3bb2310a5b91"}
,"D:\\NodeJS\\NodeExamples\\testing2.js": {"path":"D:\\NodeJS\\NodeExamples\\testing2.js","statementMap":{"0":{"start":{"line":1,"column":8},"end":{"line":5,"column":1}},"1":{"start":{"line":2,"column":4},"end":{"line":2,"column":20}},"2":{"start":{"line":3,"column":4},"end":{"line":3,"column":23}},"3":{"start":{"line":4,"column":4},"end":{"line":4,"column":23}},"4":{"start":{"line":6,"column":0},"end":{"line":6,"column":18}}},"fnMap":{"0":{"name":"(anonymous_0)","decl":{"start":{"line":1,"column":8},"end":{"line":1,"column":9}},"loc":{"start":{"line":1,"column":21},"end":{"line":5,"column":1}},"line":1}},"branchMap":{},"s":{"0":1,"1":1,"2":0,"3":0,"4":1},"f":{"0":1},"b":{},"_coverageSchema":"1a1c01bbd47fc00a2c39e90264f33305004495a9","hash":"c366ff8d7eca5ba03fc3d8d2eb8c1ae181c33b1b"}
}
